Getting data from Mi Temperature and Humidity Sensor
FW: 00.00.66
Name: MJ_HT_V1
Battery: 68
Temperature: 20.4
Humidity: 48.8
Getting data from Mi Temperature and Humidity Sensor
FW: 00.00.66
Name: MJ_HT_V1
Battery: 68
Temperature: 20.4
Humidity: 48.7
Getting data from Mi Temperature and Humidity Sensor
FW: 00.00.66
Name: MJ_HT_V1
Battery: 68
Temperature: 20.4
Humidity: 48.8
Traceback (most recent call last):
  File "./demo.py", line 112, in <module>
    main()
  File "./demo.py", line 108, in main
    args.func(args)
  File "./demo.py", line 25, in poll
    line1 = "Temperature: {}".format(poller.parameter_value(MI_TEMPERATURE))
  File "/home/pi/soft/mitemp/mitemp_bt/mitemp_bt_poller.py", line 125, in parameter_value
    self.fill_cache()
  File "/home/pi/soft/mitemp/mitemp_bt/mitemp_bt_poller.py", line 59, in fill_cache
    self.firmware_version()
  File "/home/pi/soft/mitemp/mitemp_bt/mitemp_bt_poller.py", line 89, in firmware_version
    with self._bt_interface.connect(self._mac) as connection:
  File "/home/pi/soft/mitemp/btlewrap/base.py", line 45, in __enter__
    self._backend.connect(self._mac)
  File "/home/pi/soft/mitemp/btlewrap/bluepy.py", line 27, in _func_wrapper
    return func(*args, **kwargs)
  File "/home/pi/soft/mitemp/btlewrap/bluepy.py", line 57, in connect
    self._peripheral = Peripheral(mac, iface=iface, addrType=self.address_type)
  File "/usr/local/lib/python3.5/dist-packages/bluepy/btle.py", line 391, in __init__
    self._connect(deviceAddr, addrType, iface)
  File "/usr/local/lib/python3.5/dist-packages/bluepy/btle.py", line 436, in _connect
    rsp = self._getResp('stat')
  File "/usr/local/lib/python3.5/dist-packages/bluepy/btle.py", line 407, in _getResp
    resp = self._waitResp(wantType + ['ntfy', 'ind'], timeout)
  File "/usr/local/lib/python3.5/dist-packages/bluepy/btle.py", line 347, in _waitResp
    rv = self._helper.stdout.readline()
KeyboardInterrupt
